2021-05-27 21:38:42.741 INFO  o.s.scheduling.concurrent.ThreadPoolTaskExecutor  :218  [32m                  [0;39m Shutting down ExecutorService 'applicationTaskExecutor'
2021-05-27 21:38:48.797 INFO  com.ironman.wiki.config.WikiApplication           :55   [32m                  [0;39m Starting WikiApplication using Java 1.8.0_152-ea on IRONMANMAC.local with PID 8187 (/Users/ironman/Desktop/code/fang_wiki/target/classes started by ironman in /Users/ironman/Desktop/code/fang_wiki)
2021-05-27 21:38:48.801 INFO  com.ironman.wiki.config.WikiApplication           :660  [32m                  [0;39m No active profile set, falling back to default profiles: default
2021-05-27 21:38:49.754 INFO  o.s.boot.web.embedded.tomcat.TomcatWebServer      :108  [32m                  [0;39m Tomcat initialized with port(s): 8080 (http)
2021-05-27 21:38:49.761 INFO  org.apache.coyote.http11.Http11NioProtocol        :173  [32m                  [0;39m Initializing ProtocolHandler ["http-nio-8080"]
2021-05-27 21:38:49.762 INFO  org.apache.catalina.core.StandardService          :173  [32m                  [0;39m Starting service [Tomcat]
2021-05-27 21:38:49.762 INFO  org.apache.catalina.core.StandardEngine           :173  [32m                  [0;39m Starting Servlet engine: [Apache Tomcat/9.0.39]
2021-05-27 21:38:49.821 INFO  o.a.c.core.ContainerBase.[Tomcat].[localhost].[/] :173  [32m                  [0;39m Initializing Spring embedded WebApplicationContext
2021-05-27 21:38:49.821 INFO  o.s.b.w.s.c.ServletWebServerApplicationContext    :289  [32m                  [0;39m Root WebApplicationContext: initialization completed in 974 ms
2021-05-27 21:38:49.967 INFO  o.s.scheduling.concurrent.ThreadPoolTaskExecutor  :181  [32m                  [0;39m Initializing ExecutorService 'applicationTaskExecutor'
2021-05-27 21:38:50.092 INFO  org.apache.coyote.http11.Http11NioProtocol        :173  [32m                  [0;39m Starting ProtocolHandler ["http-nio-8080"]
2021-05-27 21:38:50.122 INFO  o.s.boot.web.embedded.tomcat.TomcatWebServer      :220  [32m                  [0;39m Tomcat started on port(s): 8080 (http) with context path ''
2021-05-27 21:38:50.132 INFO  com.ironman.wiki.config.WikiApplication           :61   [32m                  [0;39m Started WikiApplication in 1.841 seconds (JVM running for 2.681)
2021-05-27 21:38:50.135 INFO  com.ironman.wiki.config.WikiApplication           :17   [32m                  [0;39m 启动成功
2021-05-27 21:38:50.136 INFO  com.ironman.wiki.config.WikiApplication           :18   [32m                  [0;39m 地址:	http://127.0.0.1:8080
2021-05-27 21:39:09.539 INFO  o.a.c.core.ContainerBase.[Tomcat].[localhost].[/] :173  [32m                  [0;39m Initializing Spring DispatcherServlet 'dispatcherServlet'
2021-05-27 21:39:09.540 INFO  org.springframework.web.servlet.DispatcherServlet :525  [32m                  [0;39m Initializing Servlet 'dispatcherServlet'
2021-05-27 21:39:09.541 INFO  org.springframework.web.servlet.DispatcherServlet :547  [32m                  [0;39m Completed initialization in 1 ms
2021-05-27 21:43:05.748 INFO  o.s.scheduling.concurrent.ThreadPoolTaskExecutor  :218  [32m                  [0;39m Shutting down ExecutorService 'applicationTaskExecutor'
2021-05-27 21:43:11.313 INFO  com.ironman.wiki.config.WikiApplication           :55   [32m                  [0;39m Starting WikiApplication using Java 1.8.0_152-ea on IRONMANMAC.local with PID 8517 (/Users/ironman/Desktop/code/fang_wiki/target/classes started by ironman in /Users/ironman/Desktop/code/fang_wiki)
2021-05-27 21:43:11.318 INFO  com.ironman.wiki.config.WikiApplication           :660  [32m                  [0;39m No active profile set, falling back to default profiles: default
2021-05-27 21:43:12.300 INFO  o.s.boot.web.embedded.tomcat.TomcatWebServer      :108  [32m                  [0;39m Tomcat initialized with port(s): 8080 (http)
2021-05-27 21:43:12.313 INFO  org.apache.coyote.http11.Http11NioProtocol        :173  [32m                  [0;39m Initializing ProtocolHandler ["http-nio-8080"]
2021-05-27 21:43:12.314 INFO  org.apache.catalina.core.StandardService          :173  [32m                  [0;39m Starting service [Tomcat]
2021-05-27 21:43:12.315 INFO  org.apache.catalina.core.StandardEngine           :173  [32m                  [0;39m Starting Servlet engine: [Apache Tomcat/9.0.39]
2021-05-27 21:43:12.386 INFO  o.a.c.core.ContainerBase.[Tomcat].[localhost].[/] :173  [32m                  [0;39m Initializing Spring embedded WebApplicationContext
2021-05-27 21:43:12.387 INFO  o.s.b.w.s.c.ServletWebServerApplicationContext    :289  [32m                  [0;39m Root WebApplicationContext: initialization completed in 1013 ms
2021-05-27 21:43:12.558 INFO  o.s.scheduling.concurrent.ThreadPoolTaskExecutor  :181  [32m                  [0;39m Initializing ExecutorService 'applicationTaskExecutor'
2021-05-27 21:43:12.716 INFO  org.apache.coyote.http11.Http11NioProtocol        :173  [32m                  [0;39m Starting ProtocolHandler ["http-nio-8080"]
2021-05-27 21:43:12.750 INFO  o.s.boot.web.embedded.tomcat.TomcatWebServer      :220  [32m                  [0;39m Tomcat started on port(s): 8080 (http) with context path ''
2021-05-27 21:43:12.769 INFO  com.ironman.wiki.config.WikiApplication           :61   [32m                  [0;39m Started WikiApplication in 1.987 seconds (JVM running for 2.76)
2021-05-27 21:43:12.773 INFO  com.ironman.wiki.config.WikiApplication           :19   [32m                  [0;39m 启动成功
2021-05-27 21:43:12.774 INFO  com.ironman.wiki.config.WikiApplication           :20   [32m                  [0;39m 地址:	http://127.0.0.1:8080
2021-05-27 21:43:15.490 INFO  o.a.c.core.ContainerBase.[Tomcat].[localhost].[/] :173  [32m                  [0;39m Initializing Spring DispatcherServlet 'dispatcherServlet'
2021-05-27 21:43:15.491 INFO  org.springframework.web.servlet.DispatcherServlet :525  [32m                  [0;39m Initializing Servlet 'dispatcherServlet'
2021-05-27 21:43:15.492 INFO  org.springframework.web.servlet.DispatcherServlet :547  [32m                  [0;39m Completed initialization in 1 ms
